#
# A fatal error has been detected by the Java Runtime Environment:
#
#  EXCEPTION_ACCESS_VIOLATION (0xc0000005) at pc=0x74e61370, pid=13068, tid=23928
#
# JRE version: 6.0_20-b02
# Java VM: Java HotSpot(TM) Client VM (16.3-b01 mixed mode windows-x86 )
# Problematic frame:
# C  [mswsock.dll+0x1370]
#
# If you would like to submit a bug report, please visit:
#   http://java.sun.com/webapps/bugreport/crash.jsp
# The crash happened outside the Java Virtual Machine in native code.
# See problematic frame for where to report the bug.
#

---------------  T H R E A D  ---------------

Current thread (0x183e9c00):  JavaThread "JDWP Command Reader" daemon [_thread_in_native, id=23928, stack(0x18a90000,0x18ae0000)]

siginfo: ExceptionCode=0xc0000005, ExceptionInformation=0x00000008 0x74e61370

Registers:
EAX=0x00000000, EBX=0x00000103, ECX=0x00000001, EDX=0x00000000
ESP=0x18adfc28, EBP=0x18adfc90, ESI=0x00000000, EDI=0x000002e4
EIP=0x74e61370, EFLAGS=0x00010246

Top of Stack: (sp=0x18adfc28)
0x18adfc28:   74e6432a 17d5f673 00000001 188344c0
0x18adfc38:   00000000 18adfcc8 00000001 00000000
0x18adfc48:   00000020 00000020 00000000 00000000
0x18adfc58:   00000001 00000000 000002e4 00318d70
0x18adfc68:   00000000 00000000 18adfc54 00000000
0x18adfc78:   18adfc2c 18adf7cc 18adff44 74e82f67
0x18adfc88:   7b9e49d3 fffffffe 18adfcd8 76a1689f
0x18adfc98:   00000284 18adfcc8 00000001 18adfce0 

Instructions: (pc=0x74e61370)
0x74e61360:   00 00 00 00 33 f5 49 77 00 00 00 00 90 90 90 90
0x74e61370:   8b 4d f0 64 89 0d 00 00 00 00 59 5f 5f 5e 5b 8b 


Stack: [0x18a90000,0x18ae0000],  sp=0x18adfc28,  free space=13f18adf74ck
Native frames: (J=compiled Java code, j=interpreted, Vv=VM code, C=native code)
C  [mswsock.dll+0x1370]
C  [WS2_32.dll+0x689f]
C  [dt_socket.dll+0x1df1]
C  [dt_socket.dll+0x1b3b]
C  [jdwp.dll+0x1816f]
V  [jvm.dll+0x141fb7]
V  [jvm.dll+0x17f96c]
C  [msvcr71.dll+0x9565]
C  [kernel32.dll+0x1343d]
C  [ntdll.dll+0x39812]
C  [ntdll.dll+0x397e5]


---------------  P R O C E S S  ---------------

Java Threads: ( => current thread )
  0x184a2000 JavaThread "AWT-Windows" daemon [_thread_in_native, id=11188, stack(0x19020000,0x19070000)]
  0x184a0800 JavaThread "AWT-Shutdown" [_thread_blocked, id=20292, stack(0x18f90000,0x18fe0000)]
  0x1849ec00 JavaThread "Java2D Disposer" daemon [_thread_blocked, id=9016, stack(0x18ef0000,0x18f40000)]
  0x18405800 JavaThread "Low Memory Detector" daemon [_thread_blocked, id=8704, stack(0x18c00000,0x18c50000)]
  0x18404c00 JavaThread "CompilerThread0" daemon [_thread_blocked, id=20032, stack(0x18b20000,0x18b70000)]
=>0x183e9c00 JavaThread "JDWP Command Reader" daemon [_thread_in_native, id=23928, stack(0x18a90000,0x18ae0000)]
  0x183e8800 JavaThread "JDWP Event Helper Thread" daemon [_thread_blocked, id=7500, stack(0x189d0000,0x18a20000)]
  0x183e5400 JavaThread "JDWP Transport Listener: dt_socket" daemon [_thread_blocked, id=21004, stack(0x18920000,0x18970000)]
  0x02196800 JavaThread "Attach Listener" daemon [_thread_blocked, id=13964, stack(0x18690000,0x186e0000)]
  0x02195800 JavaThread "Signal Dispatcher" daemon [_thread_blocked, id=19080, stack(0x18600000,0x18650000)]
  0x02186800 JavaThread "Finalizer" daemon [_thread_blocked, id=2720, stack(0x18370000,0x183c0000)]
  0x02185000 JavaThread "Reference Handler" daemon [_thread_blocked, id=12388, stack(0x182e0000,0x18330000)]
  0x01c3ac00 JavaThread "main" [_thread_blocked, id=16796, stack(0x00390000,0x003e0000)]

Other Threads:
  0x02182800 VMThread [stack: 0x18250000,0x182a0000] [id=18584]
  0x18401000 WatcherThread [stack: 0x18c90000,0x18ce0000] [id=9652]

VM state:not at safepoint (normal execution)

VM Mutex/Monitor currently owned by a thread: None

Heap
 def new generation   total 4928K, used 996K [0x041a0000, 0x046f0000, 0x096f0000)
  eden space 4416K,  22% used [0x041a0000, 0x04299198, 0x045f0000)
  from space 512K,   0% used [0x045f0000, 0x045f0000, 0x04670000)
  to   space 512K,   0% used [0x04670000, 0x04670000, 0x046f0000)
 tenured generation   total 10944K, used 0K [0x096f0000, 0x0a1a0000, 0x141a0000)
   the space 10944K,   0% used [0x096f0000, 0x096f0000, 0x096f0200, 0x0a1a0000)
 compacting perm gen  total 12288K, used 4526K [0x141a0000, 0x14da0000, 0x181a0000)
   the space 12288K,  36% used [0x141a0000, 0x1460b908, 0x1460ba00, 0x14da0000)
No shared spaces configured.

Dynamic libraries:
0x00400000 - 0x00424000 	C:\Program Files (x86)\Java\jre6\bin\javaw.exe
0x77d50000 - 0x77ed0000 	C:\Windows\SysWOW64\ntdll.dll
0x773f0000 - 0x77500000 	C:\Windows\syswow64\kernel32.dll
0x77600000 - 0x77647000 	C:\Windows\syswow64\KERNELBASE.dll
0x73390000 - 0x733a8000 	C:\Windows\system32\tsappcmp.dll
0x77550000 - 0x775fc000 	C:\Windows\syswow64\msvcrt.dll
0x77870000 - 0x77970000 	C:\Windows\syswow64\USER32.dll
0x77360000 - 0x773f0000 	C:\Windows\syswow64\GDI32.dll
0x77530000 - 0x7753a000 	C:\Windows\syswow64\LPK.dll
0x772a0000 - 0x7733d000 	C:\Windows\syswow64\USP10.dll
0x75760000 - 0x75801000 	C:\Windows\syswow64\ADVAPI32.dll
0x769f0000 - 0x76a09000 	C:\Windows\SysWOW64\sechost.dll
0x768f0000 - 0x769e0000 	C:\Windows\syswow64\RPCRT4.dll
0x75470000 - 0x754d0000 	C:\Windows\syswow64\SspiCli.dll
0x75460000 - 0x7546c000 	C:\Windows\syswow64\CRYPTBASE.dll
0x75b30000 - 0x75c8f000 	C:\Windows\syswow64\ole32.dll
0x77240000 - 0x772a0000 	C:\Windows\system32\IMM32.DLL
0x754d0000 - 0x7559e000 	C:\Windows\syswow64\MSCTF.dll
0x7c340000 - 0x7c396000 	C:\Program Files (x86)\Java\jre6\bin\msvcr71.dll
0x6d800000 - 0x6da97000 	C:\Program Files (x86)\Java\jre6\bin\client\jvm.dll
0x74920000 - 0x74952000 	C:\Windows\system32\WINMM.dll
0x74cc0000 - 0x74d0c000 	C:\Windows\system32\apphelp.dll
0x6d7b0000 - 0x6d7bc000 	C:\Program Files (x86)\Java\jre6\bin\verify.dll
0x6d330000 - 0x6d34f000 	C:\Program Files (x86)\Java\jre6\bin\java.dll
0x6d290000 - 0x6d298000 	C:\Program Files (x86)\Java\jre6\bin\hpi.dll
0x76d70000 - 0x76d75000 	C:\Windows\syswow64\PSAPI.DLL
0x6d380000 - 0x6d3a9000 	C:\Program Files (x86)\Java\jre6\bin\jdwp.dll
0x6d6a0000 - 0x6d6a6000 	C:\Program Files (x86)\Java\jre6\bin\npt.dll
0x6d7f0000 - 0x6d7ff000 	C:\Program Files (x86)\Java\jre6\bin\zip.dll
0x6d200000 - 0x6d207000 	C:\Program Files (x86)\Java\jre6\bin\dt_socket.dll
0x76a10000 - 0x76a45000 	C:\Windows\syswow64\WS2_32.dll
0x75750000 - 0x75756000 	C:\Windows\syswow64\NSI.dll
0x74ca0000 - 0x74cb0000 	C:\Windows\system32\NLAapi.dll
0x74b80000 - 0x74b90000 	C:\Windows\system32\napinsp.dll
0x18770000 - 0x18789000 	C:\Program Files (x86)\Bonjour\mdnsNSP.dll
0x74eb0000 - 0x74ecc000 	C:\Windows\system32\Iphlpapi.DLL
0x74ea0000 - 0x74ea7000 	C:\Windows\system32\WINNSI.DLL
0x74e60000 - 0x74e9c000 	C:\Windows\System32\mswsock.dll
0x74d10000 - 0x74d54000 	C:\Windows\system32\DNSAPI.dll
0x74b70000 - 0x74b78000 	C:\Windows\System32\winrnr.dll
0x74b30000 - 0x74b68000 	C:\Windows\System32\fwpuclnt.dll
0x74b20000 - 0x74b26000 	C:\Windows\system32\rasadhlp.dll
0x74e50000 - 0x74e55000 	C:\Windows\System32\wshtcpip.dll
0x6d000000 - 0x6d14a000 	C:\Program Files (x86)\Java\jre6\bin\awt.dll
0x72180000 - 0x721d1000 	C:\Windows\system32\WINSPOOL.DRV
0x72720000 - 0x728be000 	C:\Windows\WinSxS\x86_microsoft.windows.common-controls_6595b64144ccf1df_6.0.7601.24483_none_2b200f664577e14b\COMCTL32.dll
0x75aa0000 - 0x75af7000 	C:\Windows\syswow64\SHLWAPI.dll
0x72050000 - 0x72063000 	C:\Windows\system32\DWMAPI.DLL
0x6d230000 - 0x6d284000 	C:\Program Files (x86)\Java\jre6\bin\fontmanager.dll
0x3aa00000 - 0x3aaa3000 	C:\Program Files (x86)\ABBYY Lingvo x3\LvHook.dll
0x75c90000 - 0x768dc000 	C:\Windows\syswow64\SHELL32.dll
0x777d0000 - 0x77862000 	C:\Windows\syswow64\OLEAUT32.dll

VM Arguments:
jvm_args: -agentlib:jdwp=transport=dt_socket,suspend=y,address=localhost:9110 -Dfile.encoding=Cp1251 
java_command: SampleImage
Launcher Type: SUN_STANDARD

Environment Variables:
PATH=C:/Program Files (x86)/Java/jre6/bin/client;C:/Program Files (x86)/Java/jre6/bin;C:\Program Files (x86)\Embarcadero\RAD Studio\7.0\bin;C:\Users\Public\Documents\RAD Studio\7.0\Bpl;C:\oracle\product\11.2.0\client_2;C:\Program Files (x86)\CodeGear\RAD Studio\5.0\bin;C:\Users\Public\Documents\RAD Studio\5.0\Bpl;C:\Program Files\HP\NCU;C:\Windows\system32;C:\Windows;C:\Windows\System32\Wbem;C:\Windows\System32\WindowsPowerShell\v1.0\;C:\Windows\System32\Windows System Resource Manager\bin;C:\Program Files (x86)\Microsoft SQL Server\100\Tools\Binn\VSShell\Common7\IDE\;C:\Program Files (x86)\Microsoft SQL Server\100\Tools\Binn\;C:\Program Files\Microsoft SQL Server\100\Tools\Binn\;C:\Program Files (x86)\Microsoft Visual Studio 9.0\Common7\IDE\PrivateAssemblies\;C:\Program Files (x86)\Microsoft SQL Server\100\DTS\Binn\;C:\Program Files\Microsoft SQL Server\100\DTS\Binn\;C:\Program Files\MATLAB\R2010a\bin;C:\Program Files (x86)\SPB_16.3\tools\pcb\bin;C:\Program Files (x86)\SPB_16.3\tools\specctra\bin;C:\Program Files (x86)\SPB_16.3\tools\PSpice;C:\Program Files (x86)\SPB_16.3\tools\PSpice\Library;C:\Program Files (x86)\SPB_16.3\tools\Capture;C:\Program Files (x86)\SPB_16.3\tools\fet\bin;C:\Program Files (x86)\SPB_16.3\tools\bin;C:\Program Files (x86)\SPB_16.3\OpenAccess\bin\win32\opt;C:\Windows\System32\Windows System Resource Manager\bin
USERNAME=u133094
OS=Windows_NT
PROCESSOR_IDENTIFIER=Intel64 Family 6 Model 44 Stepping 2, GenuineIntel



---------------  S Y S T E M  ---------------

OS: Windows Server 2008 R2 Build 7601 Service Pack 1

CPU:total 16 (16 cores per cpu, 2 threads per core) family 6 model 44 stepping 2, cmov, cx8, fxsr, mmx, sse, sse2, sse3, ssse3, sse4.1, sse4.2, popcnt, ht

Memory: 4k page, physical 33543984k(23922460k free), swap 35639236k(24883036k free)

vm_info: Java HotSpot(TM) Client VM (16.3-b01) for windows-x86 JRE (1.6.0_20-b02), built on Apr 12 2010 13:52:23 by "java_re" with MS VC++ 7.1 (VS2003)

time: Tue Dec 03 13:10:19 2019
elapsed time: 0 seconds

